<?xml version="1.0" encoding="UTF-8"?>
<testsuite xmlns:xsi="http://www.w3.org/2001/XMLSchema-instance" xsi:noNamespaceSchemaLocation="https://maven.apache.org/surefire/maven-surefire-plugin/xsd/surefire-test-report-3.0.xsd" version="3.0" name="TestSuite" time="0.57" tests="2" errors="0" skipped="0" failures="0">
  <properties>
[...]
</properties>
  <testcase name="testCustomLinkedList" classname="customLinkedList.CustomLinkedListTest" time="0.253">
    <system-out><![CDATA[	Vehicle{brand='Ferrari', color='null', model='null', year=0, price=0.0}
	Vehicle{brand='Ford', color='null', model='null', year=0, price=0.0}
	Vehicle{brand='Ford', color='null', model='null', year=0, price=0.0}
	Car{numberOfDoors=0, numberPassengers=0}
]]></system-out>
    <system-err><![CDATA[SLF4J: Failed to load class "org.slf4j.impl.StaticLoggerBinder".
SLF4J: Defaulting to no-operation (NOP) logger implementation
SLF4J: See http://www.slf4j.org/codes.html#StaticLoggerBinder for further details.
]]></system-err>
  </testcase>
  <testcase name="testApp on testApp(org.example.AppTest)" classname="org.example.AppTest" time="0.333"/>
</testsuite>